<?xml version="1.0" encoding="UTF-8"?>
<testsuites name="New Test Suite" time="39.479" tests="2" failures="0" errors="0">
   <testsuite name="New Test Suite" tests="2" failures="0" errors="0" time="39.479" timestamp="2020-02-17 15:04:39" hostname="vitaly - laptop-vitaly-rizaev.lan" id="Test Suites/New Test Suite">
      <properties>
         <property name="deviceName" value=""/>
         <property name="devicePlatform" value=""/>
         <property name="logFolder" value="/home/vitaly/Katalon Studio/katalon/Reports/20200217_150433/New Test Suite/20200217_150433"/>
         <property name="logFiles" value="/home/vitaly/Katalon Studio/katalon/Reports/20200217_150433/New Test Suite/20200217_150433/execution0.log"/>
         <property name="attachments" value=""/>
         <property name="hostName" value="vitaly - laptop-vitaly-rizaev.lan"/>
         <property name="os" value="Linux 64bit"/>
         <property name="katalonVersion" value="7.0.6.1"/>
         <property name="browser" value="Chrome 79.0.3945.117"/>
         <property name="hostAddress" value="192.168.0.39"/>
         <property name="sessionId" value="44a21723e463f5b18439167b74f9b208"/>
         <property name="seleniumVersion" value="3.141.59"/>
         <property name="proxyInformation" value="ProxyInformation{proxyOption=NO_PROXY, proxyServerType=HTTP, password=, proxyServerAddress=, proxyServerPort=0}"/>
         <property name="platform" value="Linux"/>
      </properties>
      <testcase name="Test Cases/Create, Import/1_Resource/Create push resource" time="22.958" classname="Test Cases/Create, Import/1_Resource/Create push resource" status="PASSED">
         <system-out><![CDATA[2020-02-17 15:04:39 - [TEST_CASE][PASSED] - Test Cases/Create, Import/1_Resource/Create push resource: Test Cases/Create, Import/1_Resource/Create push resource

2020-02-17 15:04:40 - [TEST_STEP][PASSED] - openBrowser(""): Browser is opened with url: ''

2020-02-17 15:04:40 - [MESSAGE][INFO] - Starting 'Chrome' driver

2020-02-17 15:04:40 - [MESSAGE][INFO] - User set preference: ['chrome_profile', '{browser.download.folderList=2.0, browser.download.manager.showWhenStarting=false, browser.helperApps.neverAsk.saveToDisk=text/csv}']

2020-02-17 15:04:40 - [MESSAGE][INFO] - Action delay is set to 0 seconds

2020-02-17 15:04:42 - [MESSAGE][PASSED] - Browser is opened with url: ''

2020-02-17 15:04:42 - [TEST_STEP][PASSED] - navigateToUrl(Domain): Navigate to 'https://vitaly-rizaev.dev.altkraft.com/home' successfully

2020-02-17 15:04:43 - [MESSAGE][PASSED] - Navigate to 'https://vitaly-rizaev.dev.altkraft.com/home' successfully

2020-02-17 15:04:43 - [TEST_STEP][PASSED] - setText(findTestObject("Create/1_Resource/Resource_push/Page_/input__username"), Login): Text 'vitaly@vitaly' is set on object 'Object Repository/Create/1_Resource/Resource_push/Page_/input__username'

2020-02-17 15:04:44 - [MESSAGE][PASSED] - Text 'vitaly@vitaly' is set on object 'Object Repository/Create/1_Resource/Resource_push/Page_/input__username'

2020-02-17 15:04:44 - [TEST_STEP][PASSED] - click(findTestObject("Create/1_Resource/Resource_push/Page_/div_                                       _a545a9")): Object: 'Object Repository/Create/1_Resource/Resource_push/Page_/div_                                       _a545a9' is clicked on

2020-02-17 15:04:44 - [MESSAGE][PASSED] - Object: 'Object Repository/Create/1_Resource/Resource_push/Page_/div_                                       _a545a9' is clicked on

2020-02-17 15:04:44 - [TEST_STEP][PASSED] - setEncryptedText(findTestObject("Create/1_Resource/Resource_push/Page_/input__password"), Password): Text ****** has been set on object 'Object Repository/Create/1_Resource/Resource_push/Page_/input__password'

2020-02-17 15:04:45 - [MESSAGE][PASSED] - Text ****** has been set on object 'Object Repository/Create/1_Resource/Resource_push/Page_/input__password'

2020-02-17 15:04:45 - [TEST_STEP][PASSED] - click(findTestObject("Create/1_Resource/Resource_push/Page_/div_")): Object: 'Object Repository/Create/1_Resource/Resource_push/Page_/div_' is clicked on

2020-02-17 15:04:45 - [MESSAGE][PASSED] - Object: 'Object Repository/Create/1_Resource/Resource_push/Page_/div_' is clicked on

2020-02-17 15:04:45 - [TEST_STEP][PASSED] - click(findTestObject("Create/1_Resource/Resource_push/Page_AK Dashboard/a_")): Object: 'Object Repository/Create/1_Resource/Resource_push/Page_AK Dashboard/a_' is clicked on

2020-02-17 15:04:50 - [MESSAGE][PASSED] - Object: 'Object Repository/Create/1_Resource/Resource_push/Page_AK Dashboard/a_' is clicked on

2020-02-17 15:04:50 - [TEST_STEP][PASSED] - click(findTestObject("Create/1_Resource/Resource_push/Page_/a_")): Object: 'Object Repository/Create/1_Resource/Resource_push/Page_/a_' is clicked on

2020-02-17 15:04:52 - [MESSAGE][PASSED] - Object: 'Object Repository/Create/1_Resource/Resource_push/Page_/a_' is clicked on

2020-02-17 15:04:52 - [TEST_STEP][PASSED] - click(findTestObject("Create/1_Resource/Resource_push/Page_/div_Push")): Object: 'Object Repository/Create/1_Resource/Resource_push/Page_/div_Push' is clicked on

2020-02-17 15:04:54 - [MESSAGE][PASSED] - Object: 'Object Repository/Create/1_Resource/Resource_push/Page_/div_Push' is clicked on

2020-02-17 15:04:54 - [TEST_STEP][PASSED] - setText(findTestObject("Create/1_Resource/Resource_push/Page_ -/input_ _name"), "Push_resource"): Text 'Push_resource' is set on object 'Object Repository/Create/1_Resource/Resource_push/Page_ -/input_ _name'

2020-02-17 15:04:56 - [MESSAGE][PASSED] - Text 'Push_resource' is set on object 'Object Repository/Create/1_Resource/Resource_push/Page_ -/input_ _name'

2020-02-17 15:04:56 - [TEST_STEP][PASSED] - click(findTestObject("Create/1_Resource/Resource_push/Page_ -/div_New Martian databaseDatabase_1New solar_05144d")): Object: 'Object Repository/Create/1_Resource/Resource_push/Page_ -/div_New Martian databaseDatabase_1New solar_05144d' is clicked on

2020-02-17 15:04:56 - [MESSAGE][PASSED] - Object: 'Object Repository/Create/1_Resource/Resource_push/Page_ -/div_New Martian databaseDatabase_1New solar_05144d' is clicked on

2020-02-17 15:04:56 - [TEST_STEP][PASSED] - setText(findTestObject("Create/1_Resource/Resource_push/Page_ -/input_ _search"), "Database_1"): Text 'Database_1' is set on object 'Object Repository/Create/1_Resource/Resource_push/Page_ -/input_ _search'

2020-02-17 15:04:57 - [MESSAGE][PASSED] - Text 'Database_1' is set on object 'Object Repository/Create/1_Resource/Resource_push/Page_ -/input_ _search'

2020-02-17 15:04:57 - [TEST_STEP][PASSED] - click(findTestObject("Create/1_Resource/Resource_push/Page_ -/div_123 - Database_1")): Object: 'Object Repository/Create/1_Resource/Resource_push/Page_ -/div_123 - Database_1' is clicked on

2020-02-17 15:04:58 - [MESSAGE][PASSED] - Object: 'Object Repository/Create/1_Resource/Resource_push/Page_ -/div_123 - Database_1' is clicked on

2020-02-17 15:04:58 - [TEST_STEP][PASSED] - selectOptionByValue(findTestObject("Create/1_Resource/Resource_push/Page_ -/select_New Martian databaseDatabase_1New so_07f9dc"), "123", true): All options with value '123' are selected in object 'Object Repository/Create/1_Resource/Resource_push/Page_ -/select_New Martian databaseDatabase_1New so_07f9dc'  using regular expression

2020-02-17 15:04:59 - [MESSAGE][PASSED] - All options with value '123' are selected in object 'Object Repository/Create/1_Resource/Resource_push/Page_ -/select_New Martian databaseDatabase_1New so_07f9dc'  using regular expression

2020-02-17 15:04:59 - [TEST_STEP][PASSED] - click(findTestObject("Create/1_Resource/Resource_push/Page_ -/div_                                       _294fb4")): Object: 'Object Repository/Create/1_Resource/Resource_push/Page_ -/div_                                       _294fb4' is clicked on

2020-02-17 15:05:00 - [MESSAGE][PASSED] - Object: 'Object Repository/Create/1_Resource/Resource_push/Page_ -/div_                                       _294fb4' is clicked on

2020-02-17 15:05:00 - [TEST_STEP][PASSED] - setText(findTestObject("Create/1_Resource/Resource_push/Page_ -/input_URL -   _url"), "http://example.com"): Text 'http://example.com' is set on object 'Object Repository/Create/1_Resource/Resource_push/Page_ -/input_URL -   _url'

2020-02-17 15:05:01 - [MESSAGE][PASSED] - Text 'http://example.com' is set on object 'Object Repository/Create/1_Resource/Resource_push/Page_ -/input_URL -   _url'

2020-02-17 15:05:01 - [TEST_STEP][PASSED] - setText(findTestObject("Create/1_Resource/Resource_push/Page_ -/input_   _trk_domain"), "trk.example.com"): Text 'trk.example.com' is set on object 'Object Repository/Create/1_Resource/Resource_push/Page_ -/input_   _trk_domain'

2020-02-17 15:05:02 - [MESSAGE][PASSED] - Text 'trk.example.com' is set on object 'Object Repository/Create/1_Resource/Resource_push/Page_ -/input_   _trk_domain'

2020-02-17 15:05:02 - [TEST_STEP][PASSED] - click(findTestObject("Create/1_Resource/Resource_push/Page_ -/button_")): Object: 'Object Repository/Create/1_Resource/Resource_push/Page_ -/button_' is clicked on

2020-02-17 15:05:02 - [MESSAGE][PASSED] - Object: 'Object Repository/Create/1_Resource/Resource_push/Page_ -/button_' is clicked on

2020-02-17 15:05:02 - [TEST_STEP][PASSED] - closeBrowser(): Browser is closed

2020-02-17 15:05:02 - [MESSAGE][PASSED] - Browser is closed]]></system-out>
         <system-err><![CDATA[]]></system-err>
      </testcase>
      <testcase name="Test Cases/Create, Import/3_Patterns/1_Templates/create_push_template_1" time="16.024" classname="Test Cases/Create, Import/3_Patterns/1_Templates/create_push_template_1" status="PASSED">
         <system-out><![CDATA[2020-02-17 15:05:02 - [TEST_CASE][PASSED] - Test Cases/Create, Import/3_Patterns/1_Templates/create_push_template_1: Test Cases/Create, Import/3_Patterns/1_Templates/create_push_template_1

2020-02-17 15:05:03 - [TEST_STEP][PASSED] - openBrowser(""): Browser is opened with url: ''

2020-02-17 15:05:03 - [MESSAGE][INFO] - Starting 'Chrome' driver

2020-02-17 15:05:03 - [MESSAGE][INFO] - User set preference: ['chrome_profile', '{browser.download.folderList=2.0, browser.download.manager.showWhenStarting=false, browser.helperApps.neverAsk.saveToDisk=text/csv}']

2020-02-17 15:05:03 - [MESSAGE][PASSED] - Browser is opened with url: ''

2020-02-17 15:05:03 - [TEST_STEP][PASSED] - navigateToUrl(Domain): Navigate to 'https://vitaly-rizaev.dev.altkraft.com/home' successfully

2020-02-17 15:05:04 - [MESSAGE][PASSED] - Navigate to 'https://vitaly-rizaev.dev.altkraft.com/home' successfully

2020-02-17 15:05:04 - [TEST_STEP][PASSED] - setText(findTestObject("Create/3_Patterns/1_Template/Push_template_1/Page_/input__username"), Login): Text 'vitaly@vitaly' is set on object 'Object Repository/Create/3_Patterns/1_Template/Push_template_1/Page_/input__username'

2020-02-17 15:05:04 - [MESSAGE][PASSED] - Text 'vitaly@vitaly' is set on object 'Object Repository/Create/3_Patterns/1_Template/Push_template_1/Page_/input__username'

2020-02-17 15:05:04 - [TEST_STEP][PASSED] - setEncryptedText(findTestObject("Create/3_Patterns/1_Template/Push_template_1/Page_/input__password"), Password): Text ****** has been set on object 'Object Repository/Create/3_Patterns/1_Template/Push_template_1/Page_/input__password'

2020-02-17 15:05:05 - [MESSAGE][PASSED] - Text ****** has been set on object 'Object Repository/Create/3_Patterns/1_Template/Push_template_1/Page_/input__password'

2020-02-17 15:05:05 - [TEST_STEP][PASSED] - click(findTestObject("Create/3_Patterns/1_Template/Push_template_1/Page_/div_")): Object: 'Object Repository/Create/3_Patterns/1_Template/Push_template_1/Page_/div_' is clicked on

2020-02-17 15:05:05 - [MESSAGE][PASSED] - Object: 'Object Repository/Create/3_Patterns/1_Template/Push_template_1/Page_/div_' is clicked on

2020-02-17 15:05:05 - [TEST_STEP][PASSED] - click(findTestObject("Create/3_Patterns/1_Template/Push_template_1/Page_AK Dashboard/div_")): Object: 'Object Repository/Create/3_Patterns/1_Template/Push_template_1/Page_AK Dashboard/div_' is clicked on

2020-02-17 15:05:10 - [MESSAGE][PASSED] - Object: 'Object Repository/Create/3_Patterns/1_Template/Push_template_1/Page_AK Dashboard/div_' is clicked on

2020-02-17 15:05:10 - [TEST_STEP][PASSED] - click(findTestObject("Create/3_Patterns/1_Template/Push_template_1/Page_AK Dashboard/a_")): Object: 'Object Repository/Create/3_Patterns/1_Template/Push_template_1/Page_AK Dashboard/a_' is clicked on

2020-02-17 15:05:11 - [MESSAGE][PASSED] - Object: 'Object Repository/Create/3_Patterns/1_Template/Push_template_1/Page_AK Dashboard/a_' is clicked on

2020-02-17 15:05:11 - [TEST_STEP][PASSED] - click(findTestObject("Create/3_Patterns/1_Template/Push_template_1/Page_/a_")): Object: 'Object Repository/Create/3_Patterns/1_Template/Push_template_1/Page_/a_' is clicked on

2020-02-17 15:05:13 - [MESSAGE][PASSED] - Object: 'Object Repository/Create/3_Patterns/1_Template/Push_template_1/Page_/a_' is clicked on

2020-02-17 15:05:13 - [TEST_STEP][PASSED] - click(findTestObject("Create/3_Patterns/1_Template/Push_template_1/Page_/div_Push")): Object: 'Object Repository/Create/3_Patterns/1_Template/Push_template_1/Page_/div_Push' is clicked on

2020-02-17 15:05:14 - [MESSAGE][PASSED] - Object: 'Object Repository/Create/3_Patterns/1_Template/Push_template_1/Page_/div_Push' is clicked on

2020-02-17 15:05:14 - [TEST_STEP][PASSED] - setText(findTestObject("Create/3_Patterns/1_Template/Push_template_1/Page_/input_ _name"), "Push_template_1"): Text 'Push_template_1' is set on object 'Object Repository/Create/3_Patterns/1_Template/Push_template_1/Page_/input_ _name'

2020-02-17 15:05:17 - [MESSAGE][PASSED] - Text 'Push_template_1' is set on object 'Object Repository/Create/3_Patterns/1_Template/Push_template_1/Page_/input_ _name'

2020-02-17 15:05:17 - [TEST_STEP][PASSED] - setText(findTestObject("Create/3_Patterns/1_Template/Push_template_1/Page_/input__pushtitle"), "title_1"): Text 'title_1' is set on object 'Object Repository/Create/3_Patterns/1_Template/Push_template_1/Page_/input__pushtitle'

2020-02-17 15:05:18 - [MESSAGE][PASSED] - Text 'title_1' is set on object 'Object Repository/Create/3_Patterns/1_Template/Push_template_1/Page_/input__pushtitle'

2020-02-17 15:05:18 - [TEST_STEP][PASSED] - click(findTestObject("Create/3_Patterns/1_Template/Push_template_1/Page_/button_")): Object: 'Object Repository/Create/3_Patterns/1_Template/Push_template_1/Page_/button_' is clicked on

2020-02-17 15:05:18 - [MESSAGE][PASSED] - Object: 'Object Repository/Create/3_Patterns/1_Template/Push_template_1/Page_/button_' is clicked on

2020-02-17 15:05:18 - [TEST_STEP][PASSED] - closeBrowser(): Browser is closed

2020-02-17 15:05:18 - [MESSAGE][PASSED] - Browser is closed]]></system-out>
         <system-err><![CDATA[]]></system-err>
      </testcase>
      <system-out><![CDATA[2020-02-17 15:04:39 - [TEST_SUITE][PASSED] - New Test Suite: Test Cases/Create, Import/3_Patterns/1_Templates/create_push_template_1]]></system-out>
      <system-err><![CDATA[]]></system-err>
   </testsuite>
</testsuites>
