<?xml version="1.0" encoding="UTF-8"?>
<testsuites name="Create_all_resource" time="60.385" tests="3" failures="0" errors="0">
   <testsuite name="Create_all_resource" tests="3" failures="0" errors="0" time="60.385" timestamp="2020-02-12 17:55:00" hostname="vitaly - laptop-vitaly-rizaev.lan" id="Test Suites/Create/Create_all_resource">
      <properties>
         <property name="deviceName" value=""/>
         <property name="devicePlatform" value=""/>
         <property name="logFolder" value="/home/vitaly/Katalon Studio/katalon/Reports/20200212_175454/Create/Create_all_resource/20200212_175454"/>
         <property name="logFiles" value="/home/vitaly/Katalon Studio/katalon/Reports/20200212_175454/Create/Create_all_resource/20200212_175454/execution0.log"/>
         <property name="attachments" value=""/>
         <property name="hostName" value="vitaly - laptop-vitaly-rizaev.lan"/>
         <property name="os" value="Linux 64bit"/>
         <property name="katalonVersion" value="7.0.6.1"/>
         <property name="browser" value="Chrome 79.0.3945.117"/>
         <property name="hostAddress" value="192.168.0.39"/>
         <property name="sessionId" value="6880e3b464052fcd0cca1793d7af5b85"/>
         <property name="seleniumVersion" value="3.141.59"/>
         <property name="proxyInformation" value="ProxyInformation{proxyOption=NO_PROXY, proxyServerType=HTTP, password=, proxyServerAddress=, proxyServerPort=0}"/>
         <property name="platform" value="Linux"/>
      </properties>
      <testcase name="Test Cases/Create, Import/1_Resource/Create email resource" time="22.218" classname="Test Cases/Create, Import/1_Resource/Create email resource" status="PASSED">
         <system-out><![CDATA[2020-02-12 17:55:01 - [TEST_CASE][PASSED] - Test Cases/Create, Import/1_Resource/Create email resource: Test Cases/Create, Import/1_Resource/Create email resource

2020-02-12 17:55:01 - [TEST_STEP][PASSED] - openBrowser(""): Browser is opened with url: ''

2020-02-12 17:55:02 - [MESSAGE][INFO] - Starting 'Chrome' driver

2020-02-12 17:55:02 - [MESSAGE][INFO] - User set preference: ['chrome_profile', '{browser.download.folderList=2.0, browser.download.manager.showWhenStarting=false, browser.helperApps.neverAsk.saveToDisk=text/csv}']

2020-02-12 17:55:02 - [MESSAGE][INFO] - Action delay is set to 0 seconds

2020-02-12 17:55:03 - [MESSAGE][PASSED] - Browser is opened with url: ''

2020-02-12 17:55:03 - [TEST_STEP][PASSED] - navigateToUrl(Domain): Navigate to 'https://vitaly-rizaev.dev.altkraft.com/home' successfully

2020-02-12 17:55:04 - [MESSAGE][PASSED] - Navigate to 'https://vitaly-rizaev.dev.altkraft.com/home' successfully

2020-02-12 17:55:04 - [TEST_STEP][PASSED] - setText(findTestObject("Create/1_Resource/Resource_email/Page_/input__username"), Login): Text 'vitaly@vitaly' is set on object 'Object Repository/Create/1_Resource/Resource_email/Page_/input__username'

2020-02-12 17:55:05 - [MESSAGE][PASSED] - Text 'vitaly@vitaly' is set on object 'Object Repository/Create/1_Resource/Resource_email/Page_/input__username'

2020-02-12 17:55:05 - [TEST_STEP][PASSED] - setEncryptedText(findTestObject("Create/1_Resource/Resource_email/Page_/input__password"), Password): Text ****** has been set on object 'Object Repository/Create/1_Resource/Resource_email/Page_/input__password'

2020-02-12 17:55:05 - [MESSAGE][PASSED] - Text ****** has been set on object 'Object Repository/Create/1_Resource/Resource_email/Page_/input__password'

2020-02-12 17:55:05 - [TEST_STEP][PASSED] - click(findTestObject("Create/1_Resource/Resource_email/Page_/div_")): Object: 'Object Repository/Create/1_Resource/Resource_email/Page_/div_' is clicked on

2020-02-12 17:55:06 - [MESSAGE][PASSED] - Object: 'Object Repository/Create/1_Resource/Resource_email/Page_/div_' is clicked on

2020-02-12 17:55:06 - [TEST_STEP][PASSED] - click(findTestObject("Create/1_Resource/Resource_email/Page_AK Dashboard/a_")): Object: 'Object Repository/Create/1_Resource/Resource_email/Page_AK Dashboard/a_' is clicked on

2020-02-12 17:55:10 - [MESSAGE][PASSED] - Object: 'Object Repository/Create/1_Resource/Resource_email/Page_AK Dashboard/a_' is clicked on

2020-02-12 17:55:10 - [TEST_STEP][PASSED] - click(findTestObject("Create/1_Resource/Resource_email/Page_/a_")): Object: 'Object Repository/Create/1_Resource/Resource_email/Page_/a_' is clicked on

2020-02-12 17:55:12 - [MESSAGE][PASSED] - Object: 'Object Repository/Create/1_Resource/Resource_email/Page_/a_' is clicked on

2020-02-12 17:55:12 - [TEST_STEP][PASSED] - click(findTestObject("Create/1_Resource/Resource_email/Page_/div_Email")): Object: 'Object Repository/Create/1_Resource/Resource_email/Page_/div_Email' is clicked on

2020-02-12 17:55:13 - [MESSAGE][PASSED] - Object: 'Object Repository/Create/1_Resource/Resource_email/Page_/div_Email' is clicked on

2020-02-12 17:55:13 - [TEST_STEP][PASSED] - setText(findTestObject("Create/1_Resource/Resource_email/Page_ -/input_ _name"), "Email_resource"): Text 'Email_resource' is set on object 'Object Repository/Create/1_Resource/Resource_email/Page_ -/input_ _name'

2020-02-12 17:55:15 - [MESSAGE][PASSED] - Text 'Email_resource' is set on object 'Object Repository/Create/1_Resource/Resource_email/Page_ -/input_ _name'

2020-02-12 17:55:15 - [TEST_STEP][PASSED] - click(findTestObject("Create/1_Resource/Resource_email/Page_ -/div_New Martian databaseDatabase_1New solar_05144d")): Object: 'Object Repository/Create/1_Resource/Resource_email/Page_ -/div_New Martian databaseDatabase_1New solar_05144d' is clicked on

2020-02-12 17:55:16 - [MESSAGE][PASSED] - Object: 'Object Repository/Create/1_Resource/Resource_email/Page_ -/div_New Martian databaseDatabase_1New solar_05144d' is clicked on

2020-02-12 17:55:16 - [TEST_STEP][PASSED] - setText(findTestObject("Create/1_Resource/Resource_email/Page_ -/input_ _search"), "Database_1"): Text 'Database_1' is set on object 'Object Repository/Create/1_Resource/Resource_email/Page_ -/input_ _search'

2020-02-12 17:55:17 - [MESSAGE][PASSED] - Text 'Database_1' is set on object 'Object Repository/Create/1_Resource/Resource_email/Page_ -/input_ _search'

2020-02-12 17:55:17 - [TEST_STEP][PASSED] - click(findTestObject("Create/1_Resource/Resource_email/Page_ -/div_123 - Database_1")): Object: 'Object Repository/Create/1_Resource/Resource_email/Page_ -/div_123 - Database_1' is clicked on

2020-02-12 17:55:17 - [MESSAGE][PASSED] - Object: 'Object Repository/Create/1_Resource/Resource_email/Page_ -/div_123 - Database_1' is clicked on

2020-02-12 17:55:17 - [TEST_STEP][PASSED] - selectOptionByValue(findTestObject("Create/1_Resource/Resource_email/Page_ -/select_New Martian databaseDatabase_1New so_07f9dc"), "123", true): All options with value '123' are selected in object 'Object Repository/Create/1_Resource/Resource_email/Page_ -/select_New Martian databaseDatabase_1New so_07f9dc'  using regular expression

2020-02-12 17:55:19 - [MESSAGE][PASSED] - All options with value '123' are selected in object 'Object Repository/Create/1_Resource/Resource_email/Page_ -/select_New Martian databaseDatabase_1New so_07f9dc'  using regular expression

2020-02-12 17:55:19 - [TEST_STEP][PASSED] - click(findTestObject("Create/1_Resource/Resource_email/Page_ -/div_                                       _294fb4")): Object: 'Object Repository/Create/1_Resource/Resource_email/Page_ -/div_                                       _294fb4' is clicked on

2020-02-12 17:55:19 - [MESSAGE][PASSED] - Object: 'Object Repository/Create/1_Resource/Resource_email/Page_ -/div_                                       _294fb4' is clicked on

2020-02-12 17:55:19 - [TEST_STEP][PASSED] - setText(findTestObject("Create/1_Resource/Resource_email/Page_ -/input_URL -   _url"), "http://example.com"): Text 'http://example.com' is set on object 'Object Repository/Create/1_Resource/Resource_email/Page_ -/input_URL -   _url'

2020-02-12 17:55:21 - [MESSAGE][PASSED] - Text 'http://example.com' is set on object 'Object Repository/Create/1_Resource/Resource_email/Page_ -/input_URL -   _url'

2020-02-12 17:55:21 - [TEST_STEP][PASSED] - setText(findTestObject("Create/1_Resource/Resource_email/Page_ -/input_   _trk_domain"), "trk.example.com"): Text 'trk.example.com' is set on object 'Object Repository/Create/1_Resource/Resource_email/Page_ -/input_   _trk_domain'

2020-02-12 17:55:21 - [MESSAGE][PASSED] - Text 'trk.example.com' is set on object 'Object Repository/Create/1_Resource/Resource_email/Page_ -/input_   _trk_domain'

2020-02-12 17:55:21 - [TEST_STEP][PASSED] - setText(findTestObject("Create/1_Resource/Resource_email/Page_ -/input_ _email_optionsfrom_name"), "Name"): Text 'Name' is set on object 'Object Repository/Create/1_Resource/Resource_email/Page_ -/input_ _email_optionsfrom_name'

2020-02-12 17:55:21 - [MESSAGE][PASSED] - Text 'Name' is set on object 'Object Repository/Create/1_Resource/Resource_email/Page_ -/input_ _email_optionsfrom_name'

2020-02-12 17:55:21 - [TEST_STEP][PASSED] - setText(findTestObject("Create/1_Resource/Resource_email/Page_ -/input_Email _email_optionsfrom_email"), "example@example.com"): Text 'example@example.com' is set on object 'Object Repository/Create/1_Resource/Resource_email/Page_ -/input_Email _email_optionsfrom_email'

2020-02-12 17:55:22 - [MESSAGE][PASSED] - Text 'example@example.com' is set on object 'Object Repository/Create/1_Resource/Resource_email/Page_ -/input_Email _email_optionsfrom_email'

2020-02-12 17:55:22 - [TEST_STEP][PASSED] - click(findTestObject("Create/1_Resource/Resource_email/Page_ -/button_")): Object: 'Object Repository/Create/1_Resource/Resource_email/Page_ -/button_' is clicked on

2020-02-12 17:55:23 - [MESSAGE][PASSED] - Object: 'Object Repository/Create/1_Resource/Resource_email/Page_ -/button_' is clicked on

2020-02-12 17:55:23 - [TEST_STEP][PASSED] - closeBrowser(): Browser is closed

2020-02-12 17:55:23 - [MESSAGE][PASSED] - Browser is closed]]></system-out>
         <system-err><![CDATA[]]></system-err>
      </testcase>
      <testcase name="Test Cases/Create, Import/1_Resource/Create push resource" time="18.597" classname="Test Cases/Create, Import/1_Resource/Create push resource" status="PASSED">
         <system-out><![CDATA[2020-02-12 17:55:23 - [TEST_CASE][PASSED] - Test Cases/Create, Import/1_Resource/Create push resource: Test Cases/Create, Import/1_Resource/Create push resource

2020-02-12 17:55:23 - [TEST_STEP][PASSED] - openBrowser(""): Browser is opened with url: ''

2020-02-12 17:55:23 - [MESSAGE][INFO] - Starting 'Chrome' driver

2020-02-12 17:55:23 - [MESSAGE][INFO] - User set preference: ['chrome_profile', '{browser.download.folderList=2.0, browser.download.manager.showWhenStarting=false, browser.helperApps.neverAsk.saveToDisk=text/csv}']

2020-02-12 17:55:24 - [MESSAGE][PASSED] - Browser is opened with url: ''

2020-02-12 17:55:24 - [TEST_STEP][PASSED] - navigateToUrl(Domain): Navigate to 'https://vitaly-rizaev.dev.altkraft.com/home' successfully

2020-02-12 17:55:24 - [MESSAGE][PASSED] - Navigate to 'https://vitaly-rizaev.dev.altkraft.com/home' successfully

2020-02-12 17:55:24 - [TEST_STEP][PASSED] - setText(findTestObject("Create/1_Resource/Resource_push/Page_/input__username"), Login): Text 'vitaly@vitaly' is set on object 'Object Repository/Create/1_Resource/Resource_push/Page_/input__username'

2020-02-12 17:55:25 - [MESSAGE][PASSED] - Text 'vitaly@vitaly' is set on object 'Object Repository/Create/1_Resource/Resource_push/Page_/input__username'

2020-02-12 17:55:25 - [TEST_STEP][PASSED] - click(findTestObject("Create/1_Resource/Resource_push/Page_/div_                                       _a545a9")): Object: 'Object Repository/Create/1_Resource/Resource_push/Page_/div_                                       _a545a9' is clicked on

2020-02-12 17:55:25 - [MESSAGE][PASSED] - Object: 'Object Repository/Create/1_Resource/Resource_push/Page_/div_                                       _a545a9' is clicked on

2020-02-12 17:55:25 - [TEST_STEP][PASSED] - setEncryptedText(findTestObject("Create/1_Resource/Resource_push/Page_/input__password"), Password): Text ****** has been set on object 'Object Repository/Create/1_Resource/Resource_push/Page_/input__password'

2020-02-12 17:55:25 - [MESSAGE][PASSED] - Text ****** has been set on object 'Object Repository/Create/1_Resource/Resource_push/Page_/input__password'

2020-02-12 17:55:25 - [TEST_STEP][PASSED] - click(findTestObject("Create/1_Resource/Resource_push/Page_/div_")): Object: 'Object Repository/Create/1_Resource/Resource_push/Page_/div_' is clicked on

2020-02-12 17:55:26 - [MESSAGE][PASSED] - Object: 'Object Repository/Create/1_Resource/Resource_push/Page_/div_' is clicked on

2020-02-12 17:55:26 - [TEST_STEP][PASSED] - click(findTestObject("Create/1_Resource/Resource_push/Page_AK Dashboard/a_")): Object: 'Object Repository/Create/1_Resource/Resource_push/Page_AK Dashboard/a_' is clicked on

2020-02-12 17:55:30 - [MESSAGE][PASSED] - Object: 'Object Repository/Create/1_Resource/Resource_push/Page_AK Dashboard/a_' is clicked on

2020-02-12 17:55:30 - [TEST_STEP][PASSED] - click(findTestObject("Create/1_Resource/Resource_push/Page_/a_")): Object: 'Object Repository/Create/1_Resource/Resource_push/Page_/a_' is clicked on

2020-02-12 17:55:32 - [MESSAGE][PASSED] - Object: 'Object Repository/Create/1_Resource/Resource_push/Page_/a_' is clicked on

2020-02-12 17:55:32 - [TEST_STEP][PASSED] - click(findTestObject("Create/1_Resource/Resource_push/Page_/div_Push")): Object: 'Object Repository/Create/1_Resource/Resource_push/Page_/div_Push' is clicked on

2020-02-12 17:55:33 - [MESSAGE][PASSED] - Object: 'Object Repository/Create/1_Resource/Resource_push/Page_/div_Push' is clicked on

2020-02-12 17:55:33 - [TEST_STEP][PASSED] - setText(findTestObject("Create/1_Resource/Resource_push/Page_ -/input_ _name"), "Push_resource"): Text 'Push_resource' is set on object 'Object Repository/Create/1_Resource/Resource_push/Page_ -/input_ _name'

2020-02-12 17:55:35 - [MESSAGE][PASSED] - Text 'Push_resource' is set on object 'Object Repository/Create/1_Resource/Resource_push/Page_ -/input_ _name'

2020-02-12 17:55:35 - [TEST_STEP][PASSED] - click(findTestObject("Create/1_Resource/Resource_push/Page_ -/div_New Martian databaseDatabase_1New solar_05144d")): Object: 'Object Repository/Create/1_Resource/Resource_push/Page_ -/div_New Martian databaseDatabase_1New solar_05144d' is clicked on

2020-02-12 17:55:35 - [MESSAGE][PASSED] - Object: 'Object Repository/Create/1_Resource/Resource_push/Page_ -/div_New Martian databaseDatabase_1New solar_05144d' is clicked on

2020-02-12 17:55:35 - [TEST_STEP][PASSED] - setText(findTestObject("Create/1_Resource/Resource_push/Page_ -/input_ _search"), "Database_1"): Text 'Database_1' is set on object 'Object Repository/Create/1_Resource/Resource_push/Page_ -/input_ _search'

2020-02-12 17:55:36 - [MESSAGE][PASSED] - Text 'Database_1' is set on object 'Object Repository/Create/1_Resource/Resource_push/Page_ -/input_ _search'

2020-02-12 17:55:36 - [TEST_STEP][PASSED] - click(findTestObject("Create/1_Resource/Resource_push/Page_ -/div_123 - Database_1")): Object: 'Object Repository/Create/1_Resource/Resource_push/Page_ -/div_123 - Database_1' is clicked on

2020-02-12 17:55:37 - [MESSAGE][PASSED] - Object: 'Object Repository/Create/1_Resource/Resource_push/Page_ -/div_123 - Database_1' is clicked on

2020-02-12 17:55:37 - [TEST_STEP][PASSED] - selectOptionByValue(findTestObject("Create/1_Resource/Resource_push/Page_ -/select_New Martian databaseDatabase_1New so_07f9dc"), "123", true): All options with value '123' are selected in object 'Object Repository/Create/1_Resource/Resource_push/Page_ -/select_New Martian databaseDatabase_1New so_07f9dc'  using regular expression

2020-02-12 17:55:39 - [MESSAGE][PASSED] - All options with value '123' are selected in object 'Object Repository/Create/1_Resource/Resource_push/Page_ -/select_New Martian databaseDatabase_1New so_07f9dc'  using regular expression

2020-02-12 17:55:39 - [TEST_STEP][PASSED] - click(findTestObject("Create/1_Resource/Resource_push/Page_ -/div_                                       _294fb4")): Object: 'Object Repository/Create/1_Resource/Resource_push/Page_ -/div_                                       _294fb4' is clicked on

2020-02-12 17:55:39 - [MESSAGE][PASSED] - Object: 'Object Repository/Create/1_Resource/Resource_push/Page_ -/div_                                       _294fb4' is clicked on

2020-02-12 17:55:39 - [TEST_STEP][PASSED] - setText(findTestObject("Create/1_Resource/Resource_push/Page_ -/input_URL -   _url"), "http://example.com"): Text 'http://example.com' is set on object 'Object Repository/Create/1_Resource/Resource_push/Page_ -/input_URL -   _url'

2020-02-12 17:55:40 - [MESSAGE][PASSED] - Text 'http://example.com' is set on object 'Object Repository/Create/1_Resource/Resource_push/Page_ -/input_URL -   _url'

2020-02-12 17:55:40 - [TEST_STEP][PASSED] - setText(findTestObject("Create/1_Resource/Resource_push/Page_ -/input_   _trk_domain"), "trk.example.com"): Text 'trk.example.com' is set on object 'Object Repository/Create/1_Resource/Resource_push/Page_ -/input_   _trk_domain'

2020-02-12 17:55:41 - [MESSAGE][PASSED] - Text 'trk.example.com' is set on object 'Object Repository/Create/1_Resource/Resource_push/Page_ -/input_   _trk_domain'

2020-02-12 17:55:41 - [TEST_STEP][PASSED] - click(findTestObject("Create/1_Resource/Resource_push/Page_ -/button_")): Object: 'Object Repository/Create/1_Resource/Resource_push/Page_ -/button_' is clicked on

2020-02-12 17:55:41 - [MESSAGE][PASSED] - Object: 'Object Repository/Create/1_Resource/Resource_push/Page_ -/button_' is clicked on

2020-02-12 17:55:41 - [TEST_STEP][PASSED] - closeBrowser(): Browser is closed

2020-02-12 17:55:41 - [MESSAGE][PASSED] - Browser is closed]]></system-out>
         <system-err><![CDATA[]]></system-err>
      </testcase>
      <testcase name="Test Cases/Create, Import/1_Resource/Create SMS resource" time="19.096" classname="Test Cases/Create, Import/1_Resource/Create SMS resource" status="PASSED">
         <system-out><![CDATA[2020-02-12 17:55:41 - [TEST_CASE][PASSED] - Test Cases/Create, Import/1_Resource/Create SMS resource: Test Cases/Create, Import/1_Resource/Create SMS resource

2020-02-12 17:55:42 - [TEST_STEP][PASSED] - openBrowser(""): Browser is opened with url: ''

2020-02-12 17:55:42 - [MESSAGE][INFO] - Starting 'Chrome' driver

2020-02-12 17:55:42 - [MESSAGE][INFO] - User set preference: ['chrome_profile', '{browser.download.folderList=2.0, browser.download.manager.showWhenStarting=false, browser.helperApps.neverAsk.saveToDisk=text/csv}']

2020-02-12 17:55:42 - [MESSAGE][PASSED] - Browser is opened with url: ''

2020-02-12 17:55:42 - [TEST_STEP][PASSED] - navigateToUrl(Domain): Navigate to 'https://vitaly-rizaev.dev.altkraft.com/home' successfully

2020-02-12 17:55:43 - [MESSAGE][PASSED] - Navigate to 'https://vitaly-rizaev.dev.altkraft.com/home' successfully

2020-02-12 17:55:43 - [TEST_STEP][PASSED] - setText(findTestObject("Create/1_Resource/Resource_sms/Page_/input__username"), Login): Text 'vitaly@vitaly' is set on object 'Object Repository/Create/1_Resource/Resource_sms/Page_/input__username'

2020-02-12 17:55:43 - [MESSAGE][PASSED] - Text 'vitaly@vitaly' is set on object 'Object Repository/Create/1_Resource/Resource_sms/Page_/input__username'

2020-02-12 17:55:43 - [TEST_STEP][PASSED] - setEncryptedText(findTestObject("Create/1_Resource/Resource_sms/Page_/input__password"), Password): Text ****** has been set on object 'Object Repository/Create/1_Resource/Resource_sms/Page_/input__password'

2020-02-12 17:55:44 - [MESSAGE][PASSED] - Text ****** has been set on object 'Object Repository/Create/1_Resource/Resource_sms/Page_/input__password'

2020-02-12 17:55:44 - [TEST_STEP][PASSED] - click(findTestObject("Create/1_Resource/Resource_sms/Page_/div_")): Object: 'Object Repository/Create/1_Resource/Resource_sms/Page_/div_' is clicked on

2020-02-12 17:55:44 - [MESSAGE][PASSED] - Object: 'Object Repository/Create/1_Resource/Resource_sms/Page_/div_' is clicked on

2020-02-12 17:55:44 - [TEST_STEP][PASSED] - click(findTestObject("Create/1_Resource/Resource_sms/Page_AK Dashboard/a_")): Object: 'Object Repository/Create/1_Resource/Resource_sms/Page_AK Dashboard/a_' is clicked on

2020-02-12 17:55:49 - [MESSAGE][PASSED] - Object: 'Object Repository/Create/1_Resource/Resource_sms/Page_AK Dashboard/a_' is clicked on

2020-02-12 17:55:49 - [TEST_STEP][PASSED] - click(findTestObject("Create/1_Resource/Resource_sms/Page_/a_")): Object: 'Object Repository/Create/1_Resource/Resource_sms/Page_/a_' is clicked on

2020-02-12 17:55:51 - [MESSAGE][PASSED] - Object: 'Object Repository/Create/1_Resource/Resource_sms/Page_/a_' is clicked on

2020-02-12 17:55:51 - [TEST_STEP][PASSED] - click(findTestObject("Create/1_Resource/Resource_sms/Page_/div_SMS")): Object: 'Object Repository/Create/1_Resource/Resource_sms/Page_/div_SMS' is clicked on

2020-02-12 17:55:52 - [MESSAGE][PASSED] - Object: 'Object Repository/Create/1_Resource/Resource_sms/Page_/div_SMS' is clicked on

2020-02-12 17:55:52 - [TEST_STEP][PASSED] - setText(findTestObject("Create/1_Resource/Resource_sms/Page_ -/input_ _name"), "SMS_resource"): Text 'SMS_resource' is set on object 'Object Repository/Create/1_Resource/Resource_sms/Page_ -/input_ _name'

2020-02-12 17:55:54 - [MESSAGE][PASSED] - Text 'SMS_resource' is set on object 'Object Repository/Create/1_Resource/Resource_sms/Page_ -/input_ _name'

2020-02-12 17:55:54 - [TEST_STEP][PASSED] - click(findTestObject("Create/1_Resource/Resource_sms/Page_ -/div_New Martian databaseDatabase_1New solar_05144d")): Object: 'Object Repository/Create/1_Resource/Resource_sms/Page_ -/div_New Martian databaseDatabase_1New solar_05144d' is clicked on

2020-02-12 17:55:54 - [MESSAGE][PASSED] - Object: 'Object Repository/Create/1_Resource/Resource_sms/Page_ -/div_New Martian databaseDatabase_1New solar_05144d' is clicked on

2020-02-12 17:55:54 - [TEST_STEP][PASSED] - setText(findTestObject("Create/1_Resource/Resource_sms/Page_ -/input_ _search"), "Database_1"): Text 'Database_1' is set on object 'Object Repository/Create/1_Resource/Resource_sms/Page_ -/input_ _search'

2020-02-12 17:55:55 - [MESSAGE][PASSED] - Text 'Database_1' is set on object 'Object Repository/Create/1_Resource/Resource_sms/Page_ -/input_ _search'

2020-02-12 17:55:55 - [TEST_STEP][PASSED] - click(findTestObject("Create/1_Resource/Resource_sms/Page_ -/div_123 - Database_1")): Object: 'Object Repository/Create/1_Resource/Resource_sms/Page_ -/div_123 - Database_1' is clicked on

2020-02-12 17:55:56 - [MESSAGE][PASSED] - Object: 'Object Repository/Create/1_Resource/Resource_sms/Page_ -/div_123 - Database_1' is clicked on

2020-02-12 17:55:56 - [TEST_STEP][PASSED] - selectOptionByValue(findTestObject("Create/1_Resource/Resource_sms/Page_ -/select_New Martian databaseDatabase_1New so_07f9dc"), "123", true): All options with value '123' are selected in object 'Object Repository/Create/1_Resource/Resource_sms/Page_ -/select_New Martian databaseDatabase_1New so_07f9dc'  using regular expression

2020-02-12 17:55:58 - [MESSAGE][PASSED] - All options with value '123' are selected in object 'Object Repository/Create/1_Resource/Resource_sms/Page_ -/select_New Martian databaseDatabase_1New so_07f9dc'  using regular expression

2020-02-12 17:55:58 - [TEST_STEP][PASSED] - click(findTestObject("Create/1_Resource/Resource_sms/Page_ -/div_                                       _294fb4")): Object: 'Object Repository/Create/1_Resource/Resource_sms/Page_ -/div_                                       _294fb4' is clicked on

2020-02-12 17:55:58 - [MESSAGE][PASSED] - Object: 'Object Repository/Create/1_Resource/Resource_sms/Page_ -/div_                                       _294fb4' is clicked on

2020-02-12 17:55:58 - [TEST_STEP][PASSED] - setText(findTestObject("Create/1_Resource/Resource_sms/Page_ -/input_URL -   _url"), "http://example.com"): Text 'http://example.com' is set on object 'Object Repository/Create/1_Resource/Resource_sms/Page_ -/input_URL -   _url'

2020-02-12 17:55:59 - [MESSAGE][PASSED] - Text 'http://example.com' is set on object 'Object Repository/Create/1_Resource/Resource_sms/Page_ -/input_URL -   _url'

2020-02-12 17:55:59 - [TEST_STEP][PASSED] - setText(findTestObject("Create/1_Resource/Resource_sms/Page_ -/input_   _trk_domain"), "trk.example.com"): Text 'trk.example.com' is set on object 'Object Repository/Create/1_Resource/Resource_sms/Page_ -/input_   _trk_domain'

2020-02-12 17:55:59 - [MESSAGE][PASSED] - Text 'trk.example.com' is set on object 'Object Repository/Create/1_Resource/Resource_sms/Page_ -/input_   _trk_domain'

2020-02-12 17:55:59 - [TEST_STEP][PASSED] - setText(findTestObject("Create/1_Resource/Resource_sms/Page_ -/input_Caller ID_sms_optionscaller_id"), "12345"): Text '12345' is set on object 'Object Repository/Create/1_Resource/Resource_sms/Page_ -/input_Caller ID_sms_optionscaller_id'

2020-02-12 17:56:00 - [MESSAGE][PASSED] - Text '12345' is set on object 'Object Repository/Create/1_Resource/Resource_sms/Page_ -/input_Caller ID_sms_optionscaller_id'

2020-02-12 17:56:00 - [TEST_STEP][PASSED] - click(findTestObject("Create/1_Resource/Resource_sms/Page_ -/button_")): Object: 'Object Repository/Create/1_Resource/Resource_sms/Page_ -/button_' is clicked on

2020-02-12 17:56:00 - [MESSAGE][PASSED] - Object: 'Object Repository/Create/1_Resource/Resource_sms/Page_ -/button_' is clicked on

2020-02-12 17:56:00 - [TEST_STEP][PASSED] - closeBrowser(): Browser is closed

2020-02-12 17:56:00 - [MESSAGE][PASSED] - Browser is closed]]></system-out>
         <system-err><![CDATA[]]></system-err>
      </testcase>
      <system-out><![CDATA[2020-02-12 17:55:00 - [TEST_SUITE][PASSED] - Create_all_resource: Test Cases/Create, Import/1_Resource/Create SMS resource]]></system-out>
      <system-err><![CDATA[]]></system-err>
   </testsuite>
</testsuites>
